2020-12-14 09:37:27.919  INFO 1991 --- [main] org.javaboy.profile.ProfileApplication   : Starting ProfileApplication using Java 10.0.2 on sang-3.local with PID 1991 (/Users/sang/workspace/springboot/code/chapter02/profile/target/classes started by sang in /Users/sang/workspace/springboot/code/chapter02/profile)
2020-12-14 09:37:27.923  INFO 1991 --- [main] org.javaboy.profile.ProfileApplication   : The following profiles are active: prod
2020-12-14 09:37:28.492  INFO 1991 --- [main] o.s.b.w.embedded.tomcat.TomcatWebServer  : Tomcat initialized with port(s): 8088 (http)
2020-12-14 09:37:28.498  INFO 1991 --- [main] o.apache.catalina.core.StandardService   : Starting service [Tomcat]
2020-12-14 09:37:28.498  INFO 1991 --- [main] org.apache.catalina.core.StandardEngine  : Starting Servlet engine: [Apache Tomcat/9.0.41]
2020-12-14 09:37:28.538  INFO 1991 --- [main] o.a.c.c.C.[Tomcat].[localhost].[/]       : Initializing Spring embedded WebApplicationContext
2020-12-14 09:37:28.538  INFO 1991 --- [main] w.s.c.ServletWebServerApplicationContext : Root WebApplicationContext: initialization completed in 561 ms
2020-12-14 09:37:28.635  INFO 1991 --- [main] o.s.s.concurrent.ThreadPoolTaskExecutor  : Initializing ExecutorService 'applicationTaskExecutor'
2020-12-14 09:37:28.746  INFO 1991 --- [main] o.s.b.w.embedded.tomcat.TomcatWebServer  : Tomcat started on port(s): 8088 (http) with context path ''
2020-12-14 09:37:28.756  INFO 1991 --- [main] org.javaboy.profile.ProfileApplication   : Started ProfileApplication in 1.134 seconds (JVM running for 1.779)
2020-12-14 10:02:12.191  INFO 1991 --- [SpringContextShutdownHook] o.s.s.concurrent.ThreadPoolTaskExecutor  : Shutting down ExecutorService 'applicationTaskExecutor'
2020-12-14 10:59:27.431  INFO 2259 --- [main] org.javaboy.profile.ProfileApplication   : Starting ProfileApplication using Java 10.0.2 on sang-3.local with PID 2259 (/Users/sang/workspace/springboot/code/chapter02/profile/target/classes started by sang in /Users/sang/workspace/springboot/code/chapter02/profile)
2020-12-14 10:59:27.434  INFO 2259 --- [main] org.javaboy.profile.ProfileApplication   : The following profiles are active: prod
2020-12-14 10:59:27.932  INFO 2259 --- [main] o.s.b.w.embedded.tomcat.TomcatWebServer  : Tomcat initialized with port(s): 8088 (http)
2020-12-14 10:59:27.937  INFO 2259 --- [main] o.apache.catalina.core.StandardService   : Starting service [Tomcat]
2020-12-14 10:59:27.937  INFO 2259 --- [main] org.apache.catalina.core.StandardEngine  : Starting Servlet engine: [Apache Tomcat/9.0.41]
2020-12-14 10:59:27.974  INFO 2259 --- [main] o.a.c.c.C.[Tomcat].[localhost].[/]       : Initializing Spring embedded WebApplicationContext
2020-12-14 10:59:27.974  INFO 2259 --- [main] w.s.c.ServletWebServerApplicationContext : Root WebApplicationContext: initialization completed in 508 ms
2020-12-14 10:59:28.075  INFO 2259 --- [main] o.s.s.concurrent.ThreadPoolTaskExecutor  : Initializing ExecutorService 'applicationTaskExecutor'
2020-12-14 10:59:28.180  INFO 2259 --- [main] o.s.b.w.embedded.tomcat.TomcatWebServer  : Tomcat started on port(s): 8088 (http) with context path ''
2020-12-14 10:59:28.190  INFO 2259 --- [main] org.javaboy.profile.ProfileApplication   : Started ProfileApplication in 1.046 seconds (JVM running for 1.712)
2020-12-14 11:01:50.851  INFO 2259 --- [SpringContextShutdownHook] o.s.s.concurrent.ThreadPoolTaskExecutor  : Shutting down ExecutorService 'applicationTaskExecutor'
2020-12-14 11:10:20.613  INFO 2296 --- [main] o.j.p.ProfileApplication                 : Starting ProfileApplication using Java 10.0.2 on sang-3.local with PID 2296 (/Users/sang/workspace/springboot/code/chapter02/profile/target/classes started by sang in /Users/sang/workspace/springboot/code/chapter02/profile)
2020-12-14 11:10:20.619  INFO 2296 --- [main] o.j.p.ProfileApplication                 : The following profiles are active: prod
2020-12-14 11:10:21.127  INFO 2296 --- [main] o.s.b.w.e.t.TomcatWebServer              : Tomcat initialized with port(s): 8088 (http)
2020-12-14 11:10:21.139  INFO 2296 --- [main] o.a.c.c.StandardService                  : Starting service [Tomcat]
2020-12-14 11:10:21.139  INFO 2296 --- [main] o.a.c.c.StandardEngine                   : Starting Servlet engine: [Apache Tomcat/9.0.41]
2020-12-14 11:10:21.177  INFO 2296 --- [main] o.a.c.c.C.[.[.[/]                        : Initializing Spring embedded WebApplicationContext
2020-12-14 11:10:21.177  INFO 2296 --- [main] w.s.c.ServletWebServerApplicationContext : Root WebApplicationContext: initialization completed in 530 ms
2020-12-14 11:10:21.288  INFO 2296 --- [main] o.s.s.c.ThreadPoolTaskExecutor           : Initializing ExecutorService 'applicationTaskExecutor'
2020-12-14 11:10:21.412  INFO 2296 --- [main] o.s.b.w.e.t.TomcatWebServer              : Tomcat started on port(s): 8088 (http) with context path ''
2020-12-14 11:10:21.423  INFO 2296 --- [main] o.j.p.ProfileApplication                 : Started ProfileApplication in 1.185 seconds (JVM running for 2.11)
2020-12-14 11:12:57.575  INFO 2296 --- [SpringContextShutdownHook] o.s.s.c.ThreadPoolTaskExecutor           : Shutting down ExecutorService 'applicationTaskExecutor'
2020-12-14 11:13:00.211  INFO 2305 --- [main] o.j.p.ProfileApplication                 : Starting ProfileApplication using Java 10.0.2 on sang-3.local with PID 2305 (/Users/sang/workspace/springboot/code/chapter02/profile/target/classes started by sang in /Users/sang/workspace/springboot/code/chapter02/profile)
2020-12-14 11:13:00.216  INFO 2305 --- [main] o.j.p.ProfileApplication                 : The following profiles are active: prod
2020-12-14 11:13:00.710  INFO 2305 --- [main] o.s.b.w.e.t.TomcatWebServer              : Tomcat initialized with port(s): 8088 (http)
2020-12-14 11:13:00.722  INFO 2305 --- [main] o.a.c.c.StandardService                  : Starting service [Tomcat]
2020-12-14 11:13:00.722  INFO 2305 --- [main] o.a.c.c.StandardEngine                   : Starting Servlet engine: [Apache Tomcat/9.0.41]
2020-12-14 11:13:00.760  INFO 2305 --- [main] o.a.c.c.C.[.[.[/]                        : Initializing Spring embedded WebApplicationContext
2020-12-14 11:13:00.760  INFO 2305 --- [main] w.s.c.ServletWebServerApplicationContext : Root WebApplicationContext: initialization completed in 517 ms
2020-12-14 11:13:00.885  INFO 2305 --- [main] o.s.s.c.ThreadPoolTaskExecutor           : Initializing ExecutorService 'applicationTaskExecutor'
2020-12-14 11:13:00.999  INFO 2305 --- [main] o.s.b.w.e.t.TomcatWebServer              : Tomcat started on port(s): 8088 (http) with context path ''
2020-12-14 11:13:01.009  INFO 2305 --- [main] o.j.p.ProfileApplication                 : Started ProfileApplication in 1.14 seconds (JVM running for 1.956)
2020-12-14 11:13:24.672  INFO 2305 --- [SpringContextShutdownHook] o.s.s.c.ThreadPoolTaskExecutor           : Shutting down ExecutorService 'applicationTaskExecutor'
2020-12-14 11:13:26.956  INFO 2308 --- [main] o.j.p.ProfileApplication                 : Starting ProfileApplication using Java 10.0.2 on sang-3.local with PID 2308 (/Users/sang/workspace/springboot/code/chapter02/profile/target/classes started by sang in /Users/sang/workspace/springboot/code/chapter02/profile)
2020-12-14 11:13:26.962  INFO 2308 --- [main] o.j.p.ProfileApplication                 : The following profiles are active: prod
2020-12-14 11:13:27.453  INFO 2308 --- [main] o.s.b.w.e.t.TomcatWebServer              : Tomcat initialized with port(s): 8088 (http)
2020-12-14 11:13:27.463  INFO 2308 --- [main] o.a.c.c.StandardService                  : Starting service [Tomcat]
2020-12-14 11:13:27.463  INFO 2308 --- [main] o.a.c.c.StandardEngine                   : Starting Servlet engine: [Apache Tomcat/9.0.41]
2020-12-14 11:13:27.498  INFO 2308 --- [main] o.a.c.c.C.[.[.[/]                        : Initializing Spring embedded WebApplicationContext
2020-12-14 11:13:27.498  INFO 2308 --- [main] w.s.c.ServletWebServerApplicationContext : Root WebApplicationContext: initialization completed in 507 ms
2020-12-14 11:13:27.607  INFO 2308 --- [main] o.s.s.c.ThreadPoolTaskExecutor           : Initializing ExecutorService 'applicationTaskExecutor'
2020-12-14 11:13:27.718  INFO 2308 --- [main] o.s.b.w.e.t.TomcatWebServer              : Tomcat started on port(s): 8088 (http) with context path ''
2020-12-14 11:13:27.727  INFO 2308 --- [main] o.j.p.ProfileApplication                 : Started ProfileApplication in 1.079 seconds (JVM running for 1.704)
2020-12-14 11:13:35.591  INFO 2308 --- [SpringContextShutdownHook] o.s.s.c.ThreadPoolTaskExecutor           : Shutting down ExecutorService 'applicationTaskExecutor'
2020-12-14 11:13:37.899  INFO 2311 --- [main] o.j.p.ProfileApplication                 : Starting ProfileApplication using Java 10.0.2 on sang-3.local with PID 2311 (/Users/sang/workspace/springboot/code/chapter02/profile/target/classes started by sang in /Users/sang/workspace/springboot/code/chapter02/profile)
2020-12-14 11:13:37.904  INFO 2311 --- [main] o.j.p.ProfileApplication                 : The following profiles are active: prod
2020-12-14 11:13:38.436  INFO 2311 --- [main] o.s.b.w.e.t.TomcatWebServer              : Tomcat initialized with port(s): 8088 (http)
2020-12-14 11:13:38.446  INFO 2311 --- [main] o.a.c.c.StandardService                  : Starting service [Tomcat]
2020-12-14 11:13:38.446  INFO 2311 --- [main] o.a.c.c.StandardEngine                   : Starting Servlet engine: [Apache Tomcat/9.0.41]
2020-12-14 11:13:38.482  INFO 2311 --- [main] o.a.c.c.C.[.[.[/]                        : Initializing Spring embedded WebApplicationContext
2020-12-14 11:13:38.483  INFO 2311 --- [main] w.s.c.ServletWebServerApplicationContext : Root WebApplicationContext: initialization completed in 550 ms
2020-12-14 11:13:38.599  INFO 2311 --- [main] o.s.s.c.ThreadPoolTaskExecutor           : Initializing ExecutorService 'applicationTaskExecutor'
2020-12-14 11:13:38.716  INFO 2311 --- [main] o.s.b.w.e.t.TomcatWebServer              : Tomcat started on port(s): 8088 (http) with context path ''
2020-12-14 11:13:38.726  INFO 2311 --- [main] o.j.p.ProfileApplication                 : Started ProfileApplication in 1.133 seconds (JVM running for 1.724)
2020-12-14 11:13:42.736  INFO 2311 --- [SpringContextShutdownHook] o.s.s.c.ThreadPoolTaskExecutor           : Shutting down ExecutorService 'applicationTaskExecutor'
2020-12-14 11:22:12.922  INFO 2373 --- [main] org.javaboy.profile.ProfileApplication   : Starting ProfileApplication using Java 10.0.2 on sang-3.local with PID 2373 (/Users/sang/workspace/springboot/code/chapter02/profile/target/classes started by sang in /Users/sang/workspace/springboot/code/chapter02/profile)
2020-12-14 11:22:12.925  INFO 2373 --- [main] org.javaboy.profile.ProfileApplication   : The following profiles are active: prod
2020-12-14 11:22:13.483  INFO 2373 --- [main] o.s.b.w.embedded.tomcat.TomcatWebServer  : Tomcat initialized with port(s): 8088 (http)
2020-12-14 11:22:13.488  INFO 2373 --- [main] o.apache.catalina.core.StandardService   : Starting service [Tomcat]
2020-12-14 11:22:13.489  INFO 2373 --- [main] org.apache.catalina.core.StandardEngine  : Starting Servlet engine: [Apache Tomcat/9.0.41]
2020-12-14 11:22:13.526  INFO 2373 --- [main] o.a.c.c.C.[Tomcat].[localhost].[/]       : Initializing Spring embedded WebApplicationContext
2020-12-14 11:22:13.526  INFO 2373 --- [main] w.s.c.ServletWebServerApplicationContext : Root WebApplicationContext: initialization completed in 555 ms
2020-12-14 11:22:13.625  INFO 2373 --- [main] o.s.s.concurrent.ThreadPoolTaskExecutor  : Initializing ExecutorService 'applicationTaskExecutor'
2020-12-14 11:22:13.750  INFO 2373 --- [main] o.s.b.w.embedded.tomcat.TomcatWebServer  : Tomcat started on port(s): 8088 (http) with context path ''
2020-12-14 11:22:13.763  INFO 2373 --- [main] org.javaboy.profile.ProfileApplication   : Started ProfileApplication in 1.404 seconds (JVM running for 2.189)
2020-12-14 11:22:23.092  INFO 2373 --- [SpringContextShutdownHook] o.s.s.concurrent.ThreadPoolTaskExecutor  : Shutting down ExecutorService 'applicationTaskExecutor'
2020-12-14 11:23:03.472  INFO 2381 --- [main] org.javaboy.profile.ProfileApplication   : Starting ProfileApplication using Java 10.0.2 on sang-3.local with PID 2381 (/Users/sang/workspace/springboot/code/chapter02/profile/target/classes started by sang in /Users/sang/workspace/springboot/code/chapter02/profile)
2020-12-14 11:23:03.475  INFO 2381 --- [main] org.javaboy.profile.ProfileApplication   : The following profiles are active: prod
2020-12-14 11:23:04.033  INFO 2381 --- [main] o.s.b.w.embedded.tomcat.TomcatWebServer  : Tomcat initialized with port(s): 8088 (http)
2020-12-14 11:23:04.039  INFO 2381 --- [main] o.apache.catalina.core.StandardService   : Starting service [Tomcat]
2020-12-14 11:23:04.039  INFO 2381 --- [main] org.apache.catalina.core.StandardEngine  : Starting Servlet engine: [Apache Tomcat/9.0.41]
2020-12-14 11:23:04.076  INFO 2381 --- [main] o.a.c.c.C.[Tomcat].[localhost].[/]       : Initializing Spring embedded WebApplicationContext
2020-12-14 11:23:04.076  INFO 2381 --- [main] w.s.c.ServletWebServerApplicationContext : Root WebApplicationContext: initialization completed in 560 ms
2020-12-14 11:23:04.173  INFO 2381 --- [main] o.s.s.concurrent.ThreadPoolTaskExecutor  : Initializing ExecutorService 'applicationTaskExecutor'
2020-12-14 11:23:04.314  INFO 2381 --- [main] o.s.b.w.embedded.tomcat.TomcatWebServer  : Tomcat started on port(s): 8088 (http) with context path ''
2020-12-14 11:23:04.325  INFO 2381 --- [main] org.javaboy.profile.ProfileApplication   : Started ProfileApplication in 1.113 seconds (JVM running for 1.626)
2020-12-14 11:23:56.806  INFO 2381 --- [SpringContextShutdownHook] o.s.s.concurrent.ThreadPoolTaskExecutor  : Shutting down ExecutorService 'applicationTaskExecutor'
2020-12-14 11:23:59.890  INFO 2386 --- [main] org.javaboy.profile.ProfileApplication   : Starting ProfileApplication using Java 10.0.2 on sang-3.local with PID 2386 (/Users/sang/workspace/springboot/code/chapter02/profile/target/classes started by sang in /Users/sang/workspace/springboot/code/chapter02/profile)
2020-12-14 11:23:59.891  INFO 2386 --- [main] org.javaboy.profile.ProfileApplication   : The following profiles are active: prod
2020-12-14 11:24:00.430  INFO 2386 --- [main] o.s.b.w.embedded.tomcat.TomcatWebServer  : Tomcat initialized with port(s): 8088 (http)
2020-12-14 11:24:00.435  INFO 2386 --- [main] o.apache.catalina.core.StandardService   : Starting service [Tomcat]
2020-12-14 11:24:00.435  INFO 2386 --- [main] org.apache.catalina.core.StandardEngine  : Starting Servlet engine: [Apache Tomcat/9.0.41]
2020-12-14 11:24:00.471  INFO 2386 --- [main] o.a.c.c.C.[Tomcat].[localhost].[/]       : Initializing Spring embedded WebApplicationContext
2020-12-14 11:24:00.471  INFO 2386 --- [main] w.s.c.ServletWebServerApplicationContext : Root WebApplicationContext: initialization completed in 541 ms
2020-12-14 11:24:00.567  INFO 2386 --- [main] o.s.s.concurrent.ThreadPoolTaskExecutor  : Initializing ExecutorService 'applicationTaskExecutor'
2020-12-14 11:24:00.682  INFO 2386 --- [main] o.s.b.w.embedded.tomcat.TomcatWebServer  : Tomcat started on port(s): 8088 (http) with context path ''
2020-12-14 11:24:00.692  INFO 2386 --- [main] org.javaboy.profile.ProfileApplication   : Started ProfileApplication in 1.037 seconds (JVM running for 1.547)
2020-12-14 11:24:49.062  INFO 2386 --- [SpringContextShutdownHook] o.s.s.concurrent.ThreadPoolTaskExecutor  : Shutting down ExecutorService 'applicationTaskExecutor'
2020-12-14 11:24:51.228  INFO 2389 --- [main] org.javaboy.profile.ProfileApplication   : Starting ProfileApplication using Java 10.0.2 on sang-3.local with PID 2389 (/Users/sang/workspace/springboot/code/chapter02/profile/target/classes started by sang in /Users/sang/workspace/springboot/code/chapter02/profile)
2020-12-14 11:24:51.231  INFO 2389 --- [main] org.javaboy.profile.ProfileApplication   : The following profiles are active: prod
2020-12-14 11:24:51.795  INFO 2389 --- [main] o.s.b.w.embedded.tomcat.TomcatWebServer  : Tomcat initialized with port(s): 8088 (http)
2020-12-14 11:24:51.800  INFO 2389 --- [main] o.apache.catalina.core.StandardService   : Starting service [Tomcat]
2020-12-14 11:24:51.801  INFO 2389 --- [main] org.apache.catalina.core.StandardEngine  : Starting Servlet engine: [Apache Tomcat/9.0.41]
2020-12-14 11:24:51.844  INFO 2389 --- [main] o.a.c.c.C.[Tomcat].[localhost].[/]       : Initializing Spring embedded WebApplicationContext
2020-12-14 11:24:51.844  INFO 2389 --- [main] w.s.c.ServletWebServerApplicationContext : Root WebApplicationContext: initialization completed in 572 ms
2020-12-14 11:24:51.949  INFO 2389 --- [main] o.s.s.concurrent.ThreadPoolTaskExecutor  : Initializing ExecutorService 'applicationTaskExecutor'
2020-12-14 11:24:52.064  INFO 2389 --- [main] o.s.b.w.embedded.tomcat.TomcatWebServer  : Tomcat started on port(s): 8088 (http) with context path ''
2020-12-14 11:24:52.073  INFO 2389 --- [main] org.javaboy.profile.ProfileApplication   : Started ProfileApplication in 1.112 seconds (JVM running for 1.648)
2020-12-14 11:31:05.222  INFO 2389 --- [SpringContextShutdownHook] o.s.s.concurrent.ThreadPoolTaskExecutor  : Shutting down ExecutorService 'applicationTaskExecutor'
